<?xml version="1.0" encoding="UTF-8"?>
<!-- Generated by org.testng.reporters.JUnitReportReporter -->
<testsuite skipped="0" hostname="IN-5CG016FM65" name="TestRunner.TestRunner" tests="1" failures="0" timestamp="2022-08-10T16:36:56 IST" time="19.900" errors="0">
  <testcase name="feature" time="19.900" classname="TestRunner.TestRunner"/>
</testsuite> <!-- TestRunner.TestRunner -->
