<?xml version="1.0" encoding="UTF-8"?>
<testsuite xmlns:xsi="http://www.w3.org/2001/XMLSchema-instance" xsi:noNamespaceSchemaLocation="https://maven.apache.org/surefire/maven-surefire-plugin/xsd/surefire-test-report-3.0.xsd" version="3.0" name="TestSuite" time="24.224" tests="1" errors="0" skipped="0" failures="0">
  <properties>
    <property name="sun.desktop" value="windows"/>
    <property name="awt.toolkit" value="sun.awt.windows.WToolkit"/>
    <property name="file.encoding.pkg" value="sun.io"/>
    <property name="java.specification.version" value="1.8"/>
    <property name="webdriver.chrome.driver" value="C:\Users\svellala2\OneDrive - DXC Production\Desktop\RJRT\chromedriver.exe"/>
    <property name="sun.cpu.isalist" value="amd64"/>
    <property name="sun.jnu.encoding" value="Cp1252"/>
    <property name="java.class.path" value="C:\Users\svellala2\OneDrive - DXC Production\Desktop\RJRT\Vuse CA Sample for ADO\CucumberSample\target\test-classes;C:\Users\svellala2\OneDrive - DXC Production\Desktop\RJRT\Vuse CA Sample for ADO\CucumberSample\target\classes;C:\Users\svellala2\.m2\repository\org\seleniumhq\selenium\selenium-java\3.141.59\selenium-java-3.141.59.jar;C:\Users\svellala2\.m2\repository\org\seleniumhq\selenium\selenium-api\3.141.59\selenium-api-3.141.59.jar;C:\Users\svellala2\.m2\repository\org\seleniumhq\selenium\selenium-edge-driver\3.141.59\selenium-edge-driver-3.141.59.jar;C:\Users\svellala2\.m2\repository\org\seleniumhq\selenium\selenium-firefox-driver\3.141.59\selenium-firefox-driver-3.141.59.jar;C:\Users\svellala2\.m2\repository\org\seleniumhq\selenium\selenium-ie-driver\3.141.59\selenium-ie-driver-3.141.59.jar;C:\Users\svellala2\.m2\repository\org\seleniumhq\selenium\selenium-opera-driver\3.141.59\selenium-opera-driver-3.141.59.jar;C:\Users\svellala2\.m2\repository\org\seleniumhq\selenium\selenium-remote-driver\3.141.59\selenium-remote-driver-3.141.59.jar;C:\Users\svellala2\.m2\repository\org\seleniumhq\selenium\selenium-safari-driver\3.141.59\selenium-safari-driver-3.141.59.jar;C:\Users\svellala2\.m2\repository\org\seleniumhq\selenium\selenium-support\3.141.59\selenium-support-3.141.59.jar;C:\Users\svellala2\.m2\repository\net\bytebuddy\byte-buddy\1.8.15\byte-buddy-1.8.15.jar;C:\Users\svellala2\.m2\repository\org\apache\commons\commons-exec\1.3\commons-exec-1.3.jar;C:\Users\svellala2\.m2\repository\com\google\guava\guava\25.0-jre\guava-25.0-jre.jar;C:\Users\svellala2\.m2\repository\com\google\code\findbugs\jsr305\1.3.9\jsr305-1.3.9.jar;C:\Users\svellala2\.m2\repository\org\checkerframework\checker-compat-qual\2.0.0\checker-compat-qual-2.0.0.jar;C:\Users\svellala2\.m2\repository\com\google\errorprone\error_prone_annotations\2.1.3\error_prone_annotations-2.1.3.jar;C:\Users\svellala2\.m2\repository\com\google\j2objc\j2objc-annotations\1.1\j2objc-annotations-1.1.jar;C:\Users\svellala2\.m2\repository\org\codehaus\mojo\animal-sniffer-annotations\1.14\animal-sniffer-annotations-1.14.jar;C:\Users\svellala2\.m2\repository\com\squareup\okhttp3\okhttp\3.11.0\okhttp-3.11.0.jar;C:\Users\svellala2\.m2\repository\com\squareup\okio\okio\1.14.0\okio-1.14.0.jar;C:\Users\svellala2\.m2\repository\com\github\detro\ghostdriver\phantomjsdriver\1.1.0\phantomjsdriver-1.1.0.jar;C:\Users\svellala2\.m2\repository\org\seleniumhq\selenium\selenium-server\2.39.0\selenium-server-2.39.0.jar;C:\Users\svellala2\.m2\repository\org\bouncycastle\bcprov-jdk15on\1.48\bcprov-jdk15on-1.48.jar;C:\Users\svellala2\.m2\repository\org\bouncycastle\bcpkix-jdk15on\1.48\bcpkix-jdk15on-1.48.jar;C:\Users\svellala2\.m2\repository\mx4j\mx4j-tools\3.0.1\mx4j-tools-3.0.1.jar;C:\Users\svellala2\.m2\repository\org\mortbay\jetty\servlet-api-2.5\6.1.9\servlet-api-2.5-6.1.9.jar;C:\Users\svellala2\.m2\repository\org\seleniumhq\selenium\jetty-repacked\7.6.1\jetty-repacked-7.6.1.jar;C:\Users\svellala2\.m2\repository\net\jcip\jcip-annotations\1.0\jcip-annotations-1.0.jar;C:\Users\svellala2\.m2\repository\org\yaml\snakeyaml\1.8\snakeyaml-1.8.jar;C:\Users\svellala2\.m2\repository\io\appium\java-client\7.2.0\java-client-7.2.0.jar;C:\Users\svellala2\.m2\repository\com\google\code\gson\gson\2.8.5\gson-2.8.5.jar;C:\Users\svellala2\.m2\repository\cglib\cglib\3.2.12\cglib-3.2.12.jar;C:\Users\svellala2\.m2\repository\org\ow2\asm\asm\7.1\asm-7.1.jar;C:\Users\svellala2\.m2\repository\commons-validator\commons-validator\1.6\commons-validator-1.6.jar;C:\Users\svellala2\.m2\repository\commons-beanutils\commons-beanutils\1.9.2\commons-beanutils-1.9.2.jar;C:\Users\svellala2\.m2\repository\commons-digester\commons-digester\1.8.1\commons-digester-1.8.1.jar;C:\Users\svellala2\.m2\repository\commons-io\commons-io\2.6\commons-io-2.6.jar;C:\Users\svellala2\.m2\repository\org\springframework\spring-context\5.1.8.RELEASE\spring-context-5.1.8.RELEASE.jar;C:\Users\svellala2\.m2\repository\org\springframework\spring-aop\5.1.8.RELEASE\spring-aop-5.1.8.RELEASE.jar;C:\Users\svellala2\.m2\repository\org\springframework\spring-beans\5.1.8.RELEASE\spring-beans-5.1.8.RELEASE.jar;C:\Users\svellala2\.m2\repository\org\springframework\spring-core\5.1.8.RELEASE\spring-core-5.1.8.RELEASE.jar;C:\Users\svellala2\.m2\repository\org\springframework\spring-jcl\5.1.8.RELEASE\spring-jcl-5.1.8.RELEASE.jar;C:\Users\svellala2\.m2\repository\org\springframework\spring-expression\5.1.8.RELEASE\spring-expression-5.1.8.RELEASE.jar;C:\Users\svellala2\.m2\repository\org\aspectj\aspectjweaver\1.9.4\aspectjweaver-1.9.4.jar;C:\Users\svellala2\.m2\repository\org\testng\testng\7.0.0\testng-7.0.0.jar;C:\Users\svellala2\.m2\repository\com\beust\jcommander\1.72\jcommander-1.72.jar;C:\Users\svellala2\.m2\repository\com\sun\jersey\jersey-client\1.19\jersey-client-1.19.jar;C:\Users\svellala2\.m2\repository\com\sun\jersey\jersey-core\1.19\jersey-core-1.19.jar;C:\Users\svellala2\.m2\repository\javax\ws\rs\jsr311-api\1.1.1\jsr311-api-1.1.1.jar;C:\Users\svellala2\.m2\repository\javax\ws\rs\javax.ws.rs-api\2.0\javax.ws.rs-api-2.0.jar;C:\Users\svellala2\.m2\repository\org\apache\poi\poi\4.1.2\poi-4.1.2.jar;C:\Users\svellala2\.m2\repository\org\apache\commons\commons-collections4\4.4\commons-collections4-4.4.jar;C:\Users\svellala2\.m2\repository\org\apache\commons\commons-math3\3.6.1\commons-math3-3.6.1.jar;C:\Users\svellala2\.m2\repository\com\zaxxer\SparseBitSet\1.2\SparseBitSet-1.2.jar;C:\Users\svellala2\.m2\repository\org\apache\poi\poi-ooxml\4.1.2\poi-ooxml-4.1.2.jar;C:\Users\svellala2\.m2\repository\org\apache\commons\commons-compress\1.19\commons-compress-1.19.jar;C:\Users\svellala2\.m2\repository\com\github\virtuald\curvesapi\1.06\curvesapi-1.06.jar;C:\Users\svellala2\.m2\repository\org\apache\poi\poi-ooxml-schemas\4.1.2\poi-ooxml-schemas-4.1.2.jar;C:\Users\svellala2\.m2\repository\stax\stax-api\1.0.1\stax-api-1.0.1.jar;C:\Users\svellala2\.m2\repository\org\apache\xmlbeans\xmlbeans\3.1.0\xmlbeans-3.1.0.jar;C:\Users\svellala2\.m2\repository\io\rest-assured\rest-assured\3.0.7\rest-assured-3.0.7.jar;C:\Users\svellala2\.m2\repository\io\rest-assured\json-path\3.0.7\json-path-3.0.7.jar;C:\Users\svellala2\.m2\repository\io\rest-assured\rest-assured-common\3.0.7\rest-assured-common-3.0.7.jar;C:\Users\svellala2\.m2\repository\io\rest-assured\xml-path\3.0.7\xml-path-3.0.7.jar;C:\Users\svellala2\.m2\repository\commons-codec\commons-codec\1.11\commons-codec-1.11.jar;C:\Users\svellala2\.m2\repository\org\apache\commons\commons-lang3\3.7\commons-lang3-3.7.jar;C:\Users\svellala2\.m2\repository\commons-logging\commons-logging\1.2\commons-logging-1.2.jar;C:\Users\svellala2\.m2\repository\org\codehaus\groovy\groovy\2.4.15\groovy-2.4.15.jar;C:\Users\svellala2\.m2\repository\org\codehaus\groovy\groovy-json\2.4.15\groovy-json-2.4.15.jar;C:\Users\svellala2\.m2\repository\org\codehaus\groovy\groovy-xml\2.4.15\groovy-xml-2.4.15.jar;C:\Users\svellala2\.m2\repository\org\hamcrest\hamcrest-core\1.3\hamcrest-core-1.3.jar;C:\Users\svellala2\.m2\repository\org\mockito\mockito-all\1.9.5\mockito-all-1.9.5.jar;C:\Users\svellala2\.m2\repository\junit\junit\4.13\junit-4.13.jar;C:\Users\svellala2\.m2\repository\org\hamcrest\hamcrest-library\1.3\hamcrest-library-1.3.jar;C:\Users\svellala2\.m2\repository\org\apache\httpcomponents\httpclient\4.5.6\httpclient-4.5.6.jar;C:\Users\svellala2\.m2\repository\org\apache\httpcomponents\httpcore\4.4.10\httpcore-4.4.10.jar;C:\Users\svellala2\.m2\repository\org\apache\httpcomponents\httpmime\4.5.6\httpmime-4.5.6.jar;C:\Users\svellala2\.m2\repository\javax\xml\bind\jaxb-api\2.3.0\jaxb-api-2.3.0.jar;C:\Users\svellala2\.m2\repository\org\ccil\cowan\tagsoup\tagsoup\1.2.1\tagsoup-1.2.1.jar;C:\Users\svellala2\.m2\repository\org\json\json\20180130\json-20180130.jar;C:\Users\svellala2\.m2\repository\com\vimalselvam\cucumber-extentsreport\3.1.0\cucumber-extentsreport-3.1.0.jar;C:\Users\svellala2\.m2\repository\com\aventstack\extentreports\4.0.9\extentreports-4.0.9.jar;C:\Users\svellala2\.m2\repository\org\mongodb\mongodb-driver\3.3.0\mongodb-driver-3.3.0.jar;C:\Users\svellala2\.m2\repository\org\mongodb\mongodb-driver-core\3.3.0\mongodb-driver-core-3.3.0.jar;C:\Users\svellala2\.m2\repository\org\mongodb\bson\3.3.0\bson-3.3.0.jar;C:\Users\svellala2\.m2\repository\org\jsoup\jsoup\1.11.3\jsoup-1.11.3.jar;C:\Users\svellala2\.m2\repository\us\codecraft\xsoup\0.3.1\xsoup-0.3.1.jar;C:\Users\svellala2\.m2\repository\org\assertj\assertj-core\1.5.0\assertj-core-1.5.0.jar;C:\Users\svellala2\.m2\repository\net\sourceforge\jexcelapi\jxl\2.6.12\jxl-2.6.12.jar;C:\Users\svellala2\.m2\repository\log4j\log4j\1.2.14\log4j-1.2.14.jar;C:\Users\svellala2\.m2\repository\com\itextpdf\itextpdf\5.5.13.1\itextpdf-5.5.13.1.jar;C:\Users\svellala2\.m2\repository\net\java\dev\jna\jna\5.5.0\jna-5.5.0.jar;C:\Users\svellala2\.m2\repository\commons-lang\commons-lang\2.6\commons-lang-2.6.jar;C:\Users\svellala2\.m2\repository\com\relevantcodes\extentreports\2.41.0\extentreports-2.41.0.jar;C:\Users\svellala2\.m2\repository\org\xerial\sqlite-jdbc\3.8.11.1\sqlite-jdbc-3.8.11.1.jar;C:\Users\svellala2\.m2\repository\com\aventstack\extentreports-testng-adapter\1.0.3\extentreports-testng-adapter-1.0.3.jar;C:\Users\svellala2\.m2\repository\org\freemarker\freemarker\2.3.29\freemarker-2.3.29.jar;C:\Users\svellala2\.m2\repository\org\mongodb\mongo-java-driver\3.12.0\mongo-java-driver-3.12.0.jar;C:\Users\svellala2\.m2\repository\com\microsoft\sqlserver\mssql-jdbc\6.1.0.jre8\mssql-jdbc-6.1.0.jre8.jar;C:\Users\svellala2\.m2\repository\com\microsoft\azure\azure-keyvault\0.9.3\azure-keyvault-0.9.3.jar;C:\Users\svellala2\.m2\repository\com\microsoft\azure\azure-core\0.9.3\azure-core-0.9.3.jar;C:\Users\svellala2\.m2\repository\javax\mail\mail\1.4.5\mail-1.4.5.jar;C:\Users\svellala2\.m2\repository\javax\activation\activation\1.1\activation-1.1.jar;C:\Users\svellala2\.m2\repository\com\sun\jersey\jersey-json\1.13\jersey-json-1.13.jar;C:\Users\svellala2\.m2\repository\org\codehaus\jettison\jettison\1.1\jettison-1.1.jar;C:\Users\svellala2\.m2\repository\com\sun\xml\bind\jaxb-impl\2.2.3-1\jaxb-impl-2.2.3-1.jar;C:\Users\svellala2\.m2\repository\org\codehaus\jackson\jackson-core-asl\1.9.2\jackson-core-asl-1.9.2.jar;C:\Users\svellala2\.m2\repository\org\codehaus\jackson\jackson-mapper-asl\1.9.2\jackson-mapper-asl-1.9.2.jar;C:\Users\svellala2\.m2\repository\org\codehaus\jackson\jackson-jaxrs\1.9.2\jackson-jaxrs-1.9.2.jar;C:\Users\svellala2\.m2\repository\org\codehaus\jackson\jackson-xc\1.9.2\jackson-xc-1.9.2.jar;C:\Users\svellala2\.m2\repository\javax\inject\javax.inject\1\javax.inject-1.jar;C:\Users\svellala2\.m2\repository\com\microsoft\azure\adal4j\1.0.0\adal4j-1.0.0.jar;C:\Users\svellala2\.m2\repository\com\nimbusds\oauth2-oidc-sdk\4.5\oauth2-oidc-sdk-4.5.jar;C:\Users\svellala2\.m2\repository\net\minidev\json-smart\1.1.1\json-smart-1.1.1.jar;C:\Users\svellala2\.m2\repository\com\nimbusds\lang-tag\1.4\lang-tag-1.4.jar;C:\Users\svellala2\.m2\repository\com\nimbusds\nimbus-jose-jwt\3.1.2\nimbus-jose-jwt-3.1.2.jar;C:\Users\svellala2\.m2\repository\com\sikulix\sikulixapi\2.0.2\sikulixapi-2.0.2.jar;C:\Users\svellala2\.m2\repository\com\sikulix\sikulix2tigervnc\1.1.4\sikulix2tigervnc-1.1.4.jar;C:\Users\svellala2\.m2\repository\commons-cli\commons-cli\1.4\commons-cli-1.4.jar;C:\Users\svellala2\.m2\repository\net\java\dev\jna\jna-platform\5.4.0\jna-platform-5.4.0.jar;C:\Users\svellala2\.m2\repository\net\oneandone\reflections8\reflections8\0.11.6\reflections8-0.11.6.jar;C:\Users\svellala2\.m2\repository\org\javassist\javassist\3.22.0-GA\javassist-3.22.0-GA.jar;C:\Users\svellala2\.m2\repository\org\slf4j\slf4j-nop\1.7.28\slf4j-nop-1.7.28.jar;C:\Users\svellala2\.m2\repository\ru\yandex\qatools\ashot\ashot\1.5.4\ashot-1.5.4.jar;C:\Users\svellala2\.m2\repository\org\openpnp\opencv\3.4.2-1\opencv-3.4.2-1.jar;C:\Users\svellala2\.m2\repository\net\sourceforge\tess4j\tess4j\4.0.0\tess4j-4.0.0.jar;C:\Users\svellala2\.m2\repository\com\github\jai-imageio\jai-imageio-core\1.4.0\jai-imageio-core-1.4.0.jar;C:\Users\svellala2\.m2\repository\org\ghost4j\ghost4j\1.0.1\ghost4j-1.0.1.jar;C:\Users\svellala2\.m2\repository\org\apache\xmlgraphics\xmlgraphics-commons\1.4\xmlgraphics-commons-1.4.jar;C:\Users\svellala2\.m2\repository\com\lowagie\itext\2.1.7\itext-2.1.7.jar;C:\Users\svellala2\.m2\repository\org\apache\pdfbox\pdfbox\2.0.9\pdfbox-2.0.9.jar;C:\Users\svellala2\.m2\repository\org\apache\pdfbox\fontbox\2.0.9\fontbox-2.0.9.jar;C:\Users\svellala2\.m2\repository\org\apache\pdfbox\pdfbox-tools\2.0.9\pdfbox-tools-2.0.9.jar;C:\Users\svellala2\.m2\repository\org\apache\pdfbox\pdfbox-debugger\2.0.9\pdfbox-debugger-2.0.9.jar;C:\Users\svellala2\.m2\repository\org\apache\pdfbox\jbig2-imageio\3.0.0\jbig2-imageio-3.0.0.jar;C:\Users\svellala2\.m2\repository\net\sourceforge\lept4j\lept4j\1.9.3\lept4j-1.9.3.jar;C:\Users\svellala2\.m2\repository\org\jboss\jboss-vfs\3.2.12.Final\jboss-vfs-3.2.12.Final.jar;C:\Users\svellala2\.m2\repository\org\jboss\logging\jboss-logging\3.1.4.GA\jboss-logging-3.1.4.GA.jar;C:\Users\svellala2\.m2\repository\ch\qos\logback\logback-classic\1.2.3\logback-classic-1.2.3.jar;C:\Users\svellala2\.m2\repository\ch\qos\logback\logback-core\1.2.3\logback-core-1.2.3.jar;C:\Users\svellala2\.m2\repository\org\slf4j\jul-to-slf4j\1.7.25\jul-to-slf4j-1.7.25.jar;C:\Users\svellala2\.m2\repository\org\slf4j\jcl-over-slf4j\1.7.25\jcl-over-slf4j-1.7.25.jar;C:\Users\svellala2\.m2\repository\org\slf4j\log4j-over-slf4j\1.7.25\log4j-over-slf4j-1.7.25.jar;C:\Users\svellala2\.m2\repository\com\google\cloud\google-cloud-vision\1.99.3\google-cloud-vision-1.99.3.jar;C:\Users\svellala2\.m2\repository\io\grpc\grpc-api\1.28.1\grpc-api-1.28.1.jar;C:\Users\svellala2\.m2\repository\io\grpc\grpc-context\1.28.1\grpc-context-1.28.1.jar;C:\Users\svellala2\.m2\repository\io\grpc\grpc-stub\1.28.1\grpc-stub-1.28.1.jar;C:\Users\svellala2\.m2\repository\io\grpc\grpc-protobuf\1.28.1\grpc-protobuf-1.28.1.jar;C:\Users\svellala2\.m2\repository\io\grpc\grpc-protobuf-lite\1.28.1\grpc-protobuf-lite-1.28.1.jar;C:\Users\svellala2\.m2\repository\com\google\api\api-common\1.9.0\api-common-1.9.0.jar;C:\Users\svellala2\.m2\repository\javax\annotation\javax.annotation-api\1.3.2\javax.annotation-api-1.3.2.jar;C:\Users\svellala2\.m2\repository\com\google\auto\value\auto-value-annotations\1.7\auto-value-annotations-1.7.jar;C:\Users\svellala2\.m2\repository\com\google\protobuf\protobuf-java\3.11.4\protobuf-java-3.11.4.jar;C:\Users\svellala2\.m2\repository\com\google\api\grpc\proto-google-common-protos\1.17.0\proto-google-common-protos-1.17.0.jar;C:\Users\svellala2\.m2\repository\com\google\api\grpc\proto-google-cloud-vision-v1p4beta1\0.82.3\proto-google-cloud-vision-v1p4beta1-0.82.3.jar;C:\Users\svellala2\.m2\repository\com\google\api\grpc\proto-google-cloud-vision-v1\1.81.3\proto-google-cloud-vision-v1-1.81.3.jar;C:\Users\svellala2\.m2\repository\com\google\api\grpc\proto-google-cloud-vision-v1p1beta1\0.82.3\proto-google-cloud-vision-v1p1beta1-0.82.3.jar;C:\Users\svellala2\.m2\repository\com\google\api\grpc\proto-google-cloud-vision-v1p3beta1\0.82.3\proto-google-cloud-vision-v1p3beta1-0.82.3.jar;C:\Users\svellala2\.m2\repository\com\google\api\grpc\proto-google-cloud-vision-v1p2beta1\1.81.3\proto-google-cloud-vision-v1p2beta1-1.81.3.jar;C:\Users\svellala2\.m2\repository\com\google\api\gax\1.56.0\gax-1.56.0.jar;C:\Users\svellala2\.m2\repository\com\google\auth\google-auth-library-oauth2-http\0.20.0\google-auth-library-oauth2-http-0.20.0.jar;C:\Users\svellala2\.m2\repository\io\opencensus\opencensus-api\0.24.0\opencensus-api-0.24.0.jar;C:\Users\svellala2\.m2\repository\com\google\api\gax-grpc\1.56.0\gax-grpc-1.56.0.jar;C:\Users\svellala2\.m2\repository\io\grpc\grpc-auth\1.28.1\grpc-auth-1.28.1.jar;C:\Users\svellala2\.m2\repository\com\google\auth\google-auth-library-credentials\0.20.0\google-auth-library-credentials-0.20.0.jar;C:\Users\svellala2\.m2\repository\io\grpc\grpc-netty-shaded\1.28.1\grpc-netty-shaded-1.28.1.jar;C:\Users\svellala2\.m2\repository\io\grpc\grpc-core\1.28.1\grpc-core-1.28.1.jar;C:\Users\svellala2\.m2\repository\com\google\android\annotations\4.1.1.4\annotations-4.1.1.4.jar;C:\Users\svellala2\.m2\repository\io\perfmark\perfmark-api\0.19.0\perfmark-api-0.19.0.jar;C:\Users\svellala2\.m2\repository\io\grpc\grpc-alts\1.28.1\grpc-alts-1.28.1.jar;C:\Users\svellala2\.m2\repository\io\grpc\grpc-grpclb\1.28.1\grpc-grpclb-1.28.1.jar;C:\Users\svellala2\.m2\repository\com\google\protobuf\protobuf-java-util\3.11.0\protobuf-java-util-3.11.0.jar;C:\Users\svellala2\.m2\repository\org\conscrypt\conscrypt-openjdk-uber\2.2.1\conscrypt-openjdk-uber-2.2.1.jar;C:\Users\svellala2\.m2\repository\org\threeten\threetenbp\1.4.3\threetenbp-1.4.3.jar;C:\Users\svellala2\.m2\repository\com\google\api-client\google-api-client\1.22.0\google-api-client-1.22.0.jar;C:\Users\svellala2\.m2\repository\com\google\oauth-client\google-oauth-client\1.22.0\google-oauth-client-1.22.0.jar;C:\Users\svellala2\.m2\repository\com\google\http-client\google-http-client\1.22.0\google-http-client-1.22.0.jar;C:\Users\svellala2\.m2\repository\com\google\http-client\google-http-client-jackson2\1.22.0\google-http-client-jackson2-1.22.0.jar;C:\Users\svellala2\.m2\repository\com\fasterxml\jackson\core\jackson-core\2.1.3\jackson-core-2.1.3.jar;C:\Users\svellala2\.m2\repository\com\google\guava\guava-jdk5\17.0\guava-jdk5-17.0.jar;C:\Users\svellala2\.m2\repository\com\google\apis\google-api-services-storage\v1-rev111-1.18.0-rc\google-api-services-storage-v1-rev111-1.18.0-rc.jar;C:\Users\svellala2\.m2\repository\com\google\apis\google-api-services-oauth2\v2-rev129-1.22.0\google-api-services-oauth2-v2-rev129-1.22.0.jar;C:\Users\svellala2\.m2\repository\com\perfecto\reporting-sdk\reportium-java\2.3.1\reportium-java-2.3.1.jar;C:\Users\svellala2\.m2\repository\com\perfectomobile\pm-webdriver\18.6.0.0\pm-webdriver-18.6.0.0.jar;C:\Users\svellala2\.m2\repository\com\perfectomobile\http-client\18.6.0.0\http-client-18.6.0.0.jar;C:\Users\svellala2\.m2\repository\com\perfecto\reporting-sdk\reportium-testng\2.3.1\reportium-testng-2.3.1.jar;C:\Users\svellala2\.m2\repository\org\apache\ant\ant\1.8.2\ant-1.8.2.jar;C:\Users\svellala2\.m2\repository\org\apache\ant\ant-launcher\1.8.2\ant-launcher-1.8.2.jar;C:\Users\svellala2\.m2\repository\org\apache\poi\poi-scratchpad\4.1.2\poi-scratchpad-4.1.2.jar;C:\Users\svellala2\.m2\repository\org\slf4j\slf4j-api\1.7.16\slf4j-api-1.7.16.jar;C:\Users\svellala2\.m2\repository\info\cukes\cucumber-java\1.2.5\cucumber-java-1.2.5.jar;C:\Users\svellala2\.m2\repository\info\cukes\cucumber-core\1.2.5\cucumber-core-1.2.5.jar;C:\Users\svellala2\.m2\repository\info\cukes\cucumber-html\0.2.3\cucumber-html-0.2.3.jar;C:\Users\svellala2\.m2\repository\info\cukes\cucumber-junit\1.2.5\cucumber-junit-1.2.5.jar;C:\Users\svellala2\.m2\repository\info\cukes\cucumber-jvm-deps\1.0.5\cucumber-jvm-deps-1.0.5.jar;C:\Users\svellala2\.m2\repository\net\masterthought\cucumber-reporting\5.0.2\cucumber-reporting-5.0.2.jar;C:\Users\svellala2\.m2\repository\com\fasterxml\jackson\core\jackson-databind\2.10.1\jackson-databind-2.10.1.jar;C:\Users\svellala2\.m2\repository\com\fasterxml\jackson\core\jackson-annotations\2.10.1\jackson-annotations-2.10.1.jar;C:\Users\svellala2\.m2\repository\com\fasterxml\jackson\datatype\jackson-datatype-jsr310\2.10.1\jackson-datatype-jsr310-2.10.1.jar;C:\Users\svellala2\.m2\repository\org\apache\velocity\velocity-engine-core\2.1\velocity-engine-core-2.1.jar;C:\Users\svellala2\.m2\repository\commons-collections\commons-collections\3.2.2\commons-collections-3.2.2.jar;C:\Users\svellala2\.m2\repository\joda-time\joda-time\2.10.5\joda-time-2.10.5.jar;C:\Users\svellala2\.m2\repository\org\codehaus\plexus\plexus-utils\3.3.0\plexus-utils-3.3.0.jar;C:\Users\svellala2\.m2\repository\com\googlecode\owasp-java-html-sanitizer\owasp-java-html-sanitizer\20191001.1\owasp-java-html-sanitizer-20191001.1.jar;C:\Users\svellala2\.m2\repository\commons-configuration\commons-configuration\1.10\commons-configuration-1.10.jar;C:\Users\svellala2\.m2\repository\info\cukes\gherkin\2.12.2\gherkin-2.12.2.jar;C:\Users\svellala2\.m2\repository\org\seleniumhq\selenium\selenium-chrome-driver\3.141.59\selenium-chrome-driver-3.141.59.jar;C:\Users\svellala2\.m2\repository\info\cukes\cucumber-testng\1.2.5\cucumber-testng-1.2.5.jar;"/>
    <property name="java.vm.vendor" value="Oracle Corporation"/>
    <property name="sun.arch.data.model" value="64"/>
    <property name="user.variant" value=""/>
    <property name="java.vendor.url" value="http://java.oracle.com/"/>
    <property name="user.timezone" value="Asia/Calcutta"/>
    <property name="java.vm.specification.version" value="1.8"/>
    <property name="os.name" value="Windows 10"/>
    <property name="user.country" value="IN"/>
    <property name="sun.java.launcher" value="SUN_STANDARD"/>
    <property name="sun.boot.library.path" value="C:\Program Files\Java\jdk1.8.0_221\jre\bin"/>
    <property name="sun.java.command" value="C:\Users\svellala2\AppData\Local\Temp\surefire4368644237987719156\surefirebooter3906348908326148159.jar C:\Users\svellala2\AppData\Local\Temp\surefire4368644237987719156 2022-08-10T16-35-36_965-jvmRun1 surefire6468092942278586437tmp surefire_17257251740981838249tmp"/>
    <property name="surefire.test.class.path" value="C:\Users\svellala2\OneDrive - DXC Production\Desktop\RJRT\Vuse CA Sample for ADO\CucumberSample\target\test-classes;C:\Users\svellala2\OneDrive - DXC Production\Desktop\RJRT\Vuse CA Sample for ADO\CucumberSample\target\classes;C:\Users\svellala2\.m2\repository\org\seleniumhq\selenium\selenium-java\3.141.59\selenium-java-3.141.59.jar;C:\Users\svellala2\.m2\repository\org\seleniumhq\selenium\selenium-api\3.141.59\selenium-api-3.141.59.jar;C:\Users\svellala2\.m2\repository\org\seleniumhq\selenium\selenium-edge-driver\3.141.59\selenium-edge-driver-3.141.59.jar;C:\Users\svellala2\.m2\repository\org\seleniumhq\selenium\selenium-firefox-driver\3.141.59\selenium-firefox-driver-3.141.59.jar;C:\Users\svellala2\.m2\repository\org\seleniumhq\selenium\selenium-ie-driver\3.141.59\selenium-ie-driver-3.141.59.jar;C:\Users\svellala2\.m2\repository\org\seleniumhq\selenium\selenium-opera-driver\3.141.59\selenium-opera-driver-3.141.59.jar;C:\Users\svellala2\.m2\repository\org\seleniumhq\selenium\selenium-remote-driver\3.141.59\selenium-remote-driver-3.141.59.jar;C:\Users\svellala2\.m2\repository\org\seleniumhq\selenium\selenium-safari-driver\3.141.59\selenium-safari-driver-3.141.59.jar;C:\Users\svellala2\.m2\repository\org\seleniumhq\selenium\selenium-support\3.141.59\selenium-support-3.141.59.jar;C:\Users\svellala2\.m2\repository\net\bytebuddy\byte-buddy\1.8.15\byte-buddy-1.8.15.jar;C:\Users\svellala2\.m2\repository\org\apache\commons\commons-exec\1.3\commons-exec-1.3.jar;C:\Users\svellala2\.m2\repository\com\google\guava\guava\25.0-jre\guava-25.0-jre.jar;C:\Users\svellala2\.m2\repository\com\google\code\findbugs\jsr305\1.3.9\jsr305-1.3.9.jar;C:\Users\svellala2\.m2\repository\org\checkerframework\checker-compat-qual\2.0.0\checker-compat-qual-2.0.0.jar;C:\Users\svellala2\.m2\repository\com\google\errorprone\error_prone_annotations\2.1.3\error_prone_annotations-2.1.3.jar;C:\Users\svellala2\.m2\repository\com\google\j2objc\j2objc-annotations\1.1\j2objc-annotations-1.1.jar;C:\Users\svellala2\.m2\repository\org\codehaus\mojo\animal-sniffer-annotations\1.14\animal-sniffer-annotations-1.14.jar;C:\Users\svellala2\.m2\repository\com\squareup\okhttp3\okhttp\3.11.0\okhttp-3.11.0.jar;C:\Users\svellala2\.m2\repository\com\squareup\okio\okio\1.14.0\okio-1.14.0.jar;C:\Users\svellala2\.m2\repository\com\github\detro\ghostdriver\phantomjsdriver\1.1.0\phantomjsdriver-1.1.0.jar;C:\Users\svellala2\.m2\repository\org\seleniumhq\selenium\selenium-server\2.39.0\selenium-server-2.39.0.jar;C:\Users\svellala2\.m2\repository\org\bouncycastle\bcprov-jdk15on\1.48\bcprov-jdk15on-1.48.jar;C:\Users\svellala2\.m2\repository\org\bouncycastle\bcpkix-jdk15on\1.48\bcpkix-jdk15on-1.48.jar;C:\Users\svellala2\.m2\repository\mx4j\mx4j-tools\3.0.1\mx4j-tools-3.0.1.jar;C:\Users\svellala2\.m2\repository\org\mortbay\jetty\servlet-api-2.5\6.1.9\servlet-api-2.5-6.1.9.jar;C:\Users\svellala2\.m2\repository\org\seleniumhq\selenium\jetty-repacked\7.6.1\jetty-repacked-7.6.1.jar;C:\Users\svellala2\.m2\repository\net\jcip\jcip-annotations\1.0\jcip-annotations-1.0.jar;C:\Users\svellala2\.m2\repository\org\yaml\snakeyaml\1.8\snakeyaml-1.8.jar;C:\Users\svellala2\.m2\repository\io\appium\java-client\7.2.0\java-client-7.2.0.jar;C:\Users\svellala2\.m2\repository\com\google\code\gson\gson\2.8.5\gson-2.8.5.jar;C:\Users\svellala2\.m2\repository\cglib\cglib\3.2.12\cglib-3.2.12.jar;C:\Users\svellala2\.m2\repository\org\ow2\asm\asm\7.1\asm-7.1.jar;C:\Users\svellala2\.m2\repository\commons-validator\commons-validator\1.6\commons-validator-1.6.jar;C:\Users\svellala2\.m2\repository\commons-beanutils\commons-beanutils\1.9.2\commons-beanutils-1.9.2.jar;C:\Users\svellala2\.m2\repository\commons-digester\commons-digester\1.8.1\commons-digester-1.8.1.jar;C:\Users\svellala2\.m2\repository\commons-io\commons-io\2.6\commons-io-2.6.jar;C:\Users\svellala2\.m2\repository\org\springframework\spring-context\5.1.8.RELEASE\spring-context-5.1.8.RELEASE.jar;C:\Users\svellala2\.m2\repository\org\springframework\spring-aop\5.1.8.RELEASE\spring-aop-5.1.8.RELEASE.jar;C:\Users\svellala2\.m2\repository\org\springframework\spring-beans\5.1.8.RELEASE\spring-beans-5.1.8.RELEASE.jar;C:\Users\svellala2\.m2\repository\org\springframework\spring-core\5.1.8.RELEASE\spring-core-5.1.8.RELEASE.jar;C:\Users\svellala2\.m2\repository\org\springframework\spring-jcl\5.1.8.RELEASE\spring-jcl-5.1.8.RELEASE.jar;C:\Users\svellala2\.m2\repository\org\springframework\spring-expression\5.1.8.RELEASE\spring-expression-5.1.8.RELEASE.jar;C:\Users\svellala2\.m2\repository\org\aspectj\aspectjweaver\1.9.4\aspectjweaver-1.9.4.jar;C:\Users\svellala2\.m2\repository\org\testng\testng\7.0.0\testng-7.0.0.jar;C:\Users\svellala2\.m2\repository\com\beust\jcommander\1.72\jcommander-1.72.jar;C:\Users\svellala2\.m2\repository\com\sun\jersey\jersey-client\1.19\jersey-client-1.19.jar;C:\Users\svellala2\.m2\repository\com\sun\jersey\jersey-core\1.19\jersey-core-1.19.jar;C:\Users\svellala2\.m2\repository\javax\ws\rs\jsr311-api\1.1.1\jsr311-api-1.1.1.jar;C:\Users\svellala2\.m2\repository\javax\ws\rs\javax.ws.rs-api\2.0\javax.ws.rs-api-2.0.jar;C:\Users\svellala2\.m2\repository\org\apache\poi\poi\4.1.2\poi-4.1.2.jar;C:\Users\svellala2\.m2\repository\org\apache\commons\commons-collections4\4.4\commons-collections4-4.4.jar;C:\Users\svellala2\.m2\repository\org\apache\commons\commons-math3\3.6.1\commons-math3-3.6.1.jar;C:\Users\svellala2\.m2\repository\com\zaxxer\SparseBitSet\1.2\SparseBitSet-1.2.jar;C:\Users\svellala2\.m2\repository\org\apache\poi\poi-ooxml\4.1.2\poi-ooxml-4.1.2.jar;C:\Users\svellala2\.m2\repository\org\apache\commons\commons-compress\1.19\commons-compress-1.19.jar;C:\Users\svellala2\.m2\repository\com\github\virtuald\curvesapi\1.06\curvesapi-1.06.jar;C:\Users\svellala2\.m2\repository\org\apache\poi\poi-ooxml-schemas\4.1.2\poi-ooxml-schemas-4.1.2.jar;C:\Users\svellala2\.m2\repository\stax\stax-api\1.0.1\stax-api-1.0.1.jar;C:\Users\svellala2\.m2\repository\org\apache\xmlbeans\xmlbeans\3.1.0\xmlbeans-3.1.0.jar;C:\Users\svellala2\.m2\repository\io\rest-assured\rest-assured\3.0.7\rest-assured-3.0.7.jar;C:\Users\svellala2\.m2\repository\io\rest-assured\json-path\3.0.7\json-path-3.0.7.jar;C:\Users\svellala2\.m2\repository\io\rest-assured\rest-assured-common\3.0.7\rest-assured-common-3.0.7.jar;C:\Users\svellala2\.m2\repository\io\rest-assured\xml-path\3.0.7\xml-path-3.0.7.jar;C:\Users\svellala2\.m2\repository\commons-codec\commons-codec\1.11\commons-codec-1.11.jar;C:\Users\svellala2\.m2\repository\org\apache\commons\commons-lang3\3.7\commons-lang3-3.7.jar;C:\Users\svellala2\.m2\repository\commons-logging\commons-logging\1.2\commons-logging-1.2.jar;C:\Users\svellala2\.m2\repository\org\codehaus\groovy\groovy\2.4.15\groovy-2.4.15.jar;C:\Users\svellala2\.m2\repository\org\codehaus\groovy\groovy-json\2.4.15\groovy-json-2.4.15.jar;C:\Users\svellala2\.m2\repository\org\codehaus\groovy\groovy-xml\2.4.15\groovy-xml-2.4.15.jar;C:\Users\svellala2\.m2\repository\org\hamcrest\hamcrest-core\1.3\hamcrest-core-1.3.jar;C:\Users\svellala2\.m2\repository\org\mockito\mockito-all\1.9.5\mockito-all-1.9.5.jar;C:\Users\svellala2\.m2\repository\junit\junit\4.13\junit-4.13.jar;C:\Users\svellala2\.m2\repository\org\hamcrest\hamcrest-library\1.3\hamcrest-library-1.3.jar;C:\Users\svellala2\.m2\repository\org\apache\httpcomponents\httpclient\4.5.6\httpclient-4.5.6.jar;C:\Users\svellala2\.m2\repository\org\apache\httpcomponents\httpcore\4.4.10\httpcore-4.4.10.jar;C:\Users\svellala2\.m2\repository\org\apache\httpcomponents\httpmime\4.5.6\httpmime-4.5.6.jar;C:\Users\svellala2\.m2\repository\javax\xml\bind\jaxb-api\2.3.0\jaxb-api-2.3.0.jar;C:\Users\svellala2\.m2\repository\org\ccil\cowan\tagsoup\tagsoup\1.2.1\tagsoup-1.2.1.jar;C:\Users\svellala2\.m2\repository\org\json\json\20180130\json-20180130.jar;C:\Users\svellala2\.m2\repository\com\vimalselvam\cucumber-extentsreport\3.1.0\cucumber-extentsreport-3.1.0.jar;C:\Users\svellala2\.m2\repository\com\aventstack\extentreports\4.0.9\extentreports-4.0.9.jar;C:\Users\svellala2\.m2\repository\org\mongodb\mongodb-driver\3.3.0\mongodb-driver-3.3.0.jar;C:\Users\svellala2\.m2\repository\org\mongodb\mongodb-driver-core\3.3.0\mongodb-driver-core-3.3.0.jar;C:\Users\svellala2\.m2\repository\org\mongodb\bson\3.3.0\bson-3.3.0.jar;C:\Users\svellala2\.m2\repository\org\jsoup\jsoup\1.11.3\jsoup-1.11.3.jar;C:\Users\svellala2\.m2\repository\us\codecraft\xsoup\0.3.1\xsoup-0.3.1.jar;C:\Users\svellala2\.m2\repository\org\assertj\assertj-core\1.5.0\assertj-core-1.5.0.jar;C:\Users\svellala2\.m2\repository\net\sourceforge\jexcelapi\jxl\2.6.12\jxl-2.6.12.jar;C:\Users\svellala2\.m2\repository\log4j\log4j\1.2.14\log4j-1.2.14.jar;C:\Users\svellala2\.m2\repository\com\itextpdf\itextpdf\5.5.13.1\itextpdf-5.5.13.1.jar;C:\Users\svellala2\.m2\repository\net\java\dev\jna\jna\5.5.0\jna-5.5.0.jar;C:\Users\svellala2\.m2\repository\commons-lang\commons-lang\2.6\commons-lang-2.6.jar;C:\Users\svellala2\.m2\repository\com\relevantcodes\extentreports\2.41.0\extentreports-2.41.0.jar;C:\Users\svellala2\.m2\repository\org\xerial\sqlite-jdbc\3.8.11.1\sqlite-jdbc-3.8.11.1.jar;C:\Users\svellala2\.m2\repository\com\aventstack\extentreports-testng-adapter\1.0.3\extentreports-testng-adapter-1.0.3.jar;C:\Users\svellala2\.m2\repository\org\freemarker\freemarker\2.3.29\freemarker-2.3.29.jar;C:\Users\svellala2\.m2\repository\org\mongodb\mongo-java-driver\3.12.0\mongo-java-driver-3.12.0.jar;C:\Users\svellala2\.m2\repository\com\microsoft\sqlserver\mssql-jdbc\6.1.0.jre8\mssql-jdbc-6.1.0.jre8.jar;C:\Users\svellala2\.m2\repository\com\microsoft\azure\azure-keyvault\0.9.3\azure-keyvault-0.9.3.jar;C:\Users\svellala2\.m2\repository\com\microsoft\azure\azure-core\0.9.3\azure-core-0.9.3.jar;C:\Users\svellala2\.m2\repository\javax\mail\mail\1.4.5\mail-1.4.5.jar;C:\Users\svellala2\.m2\repository\javax\activation\activation\1.1\activation-1.1.jar;C:\Users\svellala2\.m2\repository\com\sun\jersey\jersey-json\1.13\jersey-json-1.13.jar;C:\Users\svellala2\.m2\repository\org\codehaus\jettison\jettison\1.1\jettison-1.1.jar;C:\Users\svellala2\.m2\repository\com\sun\xml\bind\jaxb-impl\2.2.3-1\jaxb-impl-2.2.3-1.jar;C:\Users\svellala2\.m2\repository\org\codehaus\jackson\jackson-core-asl\1.9.2\jackson-core-asl-1.9.2.jar;C:\Users\svellala2\.m2\repository\org\codehaus\jackson\jackson-mapper-asl\1.9.2\jackson-mapper-asl-1.9.2.jar;C:\Users\svellala2\.m2\repository\org\codehaus\jackson\jackson-jaxrs\1.9.2\jackson-jaxrs-1.9.2.jar;C:\Users\svellala2\.m2\repository\org\codehaus\jackson\jackson-xc\1.9.2\jackson-xc-1.9.2.jar;C:\Users\svellala2\.m2\repository\javax\inject\javax.inject\1\javax.inject-1.jar;C:\Users\svellala2\.m2\repository\com\microsoft\azure\adal4j\1.0.0\adal4j-1.0.0.jar;C:\Users\svellala2\.m2\repository\com\nimbusds\oauth2-oidc-sdk\4.5\oauth2-oidc-sdk-4.5.jar;C:\Users\svellala2\.m2\repository\net\minidev\json-smart\1.1.1\json-smart-1.1.1.jar;C:\Users\svellala2\.m2\repository\com\nimbusds\lang-tag\1.4\lang-tag-1.4.jar;C:\Users\svellala2\.m2\repository\com\nimbusds\nimbus-jose-jwt\3.1.2\nimbus-jose-jwt-3.1.2.jar;C:\Users\svellala2\.m2\repository\com\sikulix\sikulixapi\2.0.2\sikulixapi-2.0.2.jar;C:\Users\svellala2\.m2\repository\com\sikulix\sikulix2tigervnc\1.1.4\sikulix2tigervnc-1.1.4.jar;C:\Users\svellala2\.m2\repository\commons-cli\commons-cli\1.4\commons-cli-1.4.jar;C:\Users\svellala2\.m2\repository\net\java\dev\jna\jna-platform\5.4.0\jna-platform-5.4.0.jar;C:\Users\svellala2\.m2\repository\net\oneandone\reflections8\reflections8\0.11.6\reflections8-0.11.6.jar;C:\Users\svellala2\.m2\repository\org\javassist\javassist\3.22.0-GA\javassist-3.22.0-GA.jar;C:\Users\svellala2\.m2\repository\org\slf4j\slf4j-nop\1.7.28\slf4j-nop-1.7.28.jar;C:\Users\svellala2\.m2\repository\ru\yandex\qatools\ashot\ashot\1.5.4\ashot-1.5.4.jar;C:\Users\svellala2\.m2\repository\org\openpnp\opencv\3.4.2-1\opencv-3.4.2-1.jar;C:\Users\svellala2\.m2\repository\net\sourceforge\tess4j\tess4j\4.0.0\tess4j-4.0.0.jar;C:\Users\svellala2\.m2\repository\com\github\jai-imageio\jai-imageio-core\1.4.0\jai-imageio-core-1.4.0.jar;C:\Users\svellala2\.m2\repository\org\ghost4j\ghost4j\1.0.1\ghost4j-1.0.1.jar;C:\Users\svellala2\.m2\repository\org\apache\xmlgraphics\xmlgraphics-commons\1.4\xmlgraphics-commons-1.4.jar;C:\Users\svellala2\.m2\repository\com\lowagie\itext\2.1.7\itext-2.1.7.jar;C:\Users\svellala2\.m2\repository\org\apache\pdfbox\pdfbox\2.0.9\pdfbox-2.0.9.jar;C:\Users\svellala2\.m2\repository\org\apache\pdfbox\fontbox\2.0.9\fontbox-2.0.9.jar;C:\Users\svellala2\.m2\repository\org\apache\pdfbox\pdfbox-tools\2.0.9\pdfbox-tools-2.0.9.jar;C:\Users\svellala2\.m2\repository\org\apache\pdfbox\pdfbox-debugger\2.0.9\pdfbox-debugger-2.0.9.jar;C:\Users\svellala2\.m2\repository\org\apache\pdfbox\jbig2-imageio\3.0.0\jbig2-imageio-3.0.0.jar;C:\Users\svellala2\.m2\repository\net\sourceforge\lept4j\lept4j\1.9.3\lept4j-1.9.3.jar;C:\Users\svellala2\.m2\repository\org\jboss\jboss-vfs\3.2.12.Final\jboss-vfs-3.2.12.Final.jar;C:\Users\svellala2\.m2\repository\org\jboss\logging\jboss-logging\3.1.4.GA\jboss-logging-3.1.4.GA.jar;C:\Users\svellala2\.m2\repository\ch\qos\logback\logback-classic\1.2.3\logback-classic-1.2.3.jar;C:\Users\svellala2\.m2\repository\ch\qos\logback\logback-core\1.2.3\logback-core-1.2.3.jar;C:\Users\svellala2\.m2\repository\org\slf4j\jul-to-slf4j\1.7.25\jul-to-slf4j-1.7.25.jar;C:\Users\svellala2\.m2\repository\org\slf4j\jcl-over-slf4j\1.7.25\jcl-over-slf4j-1.7.25.jar;C:\Users\svellala2\.m2\repository\org\slf4j\log4j-over-slf4j\1.7.25\log4j-over-slf4j-1.7.25.jar;C:\Users\svellala2\.m2\repository\com\google\cloud\google-cloud-vision\1.99.3\google-cloud-vision-1.99.3.jar;C:\Users\svellala2\.m2\repository\io\grpc\grpc-api\1.28.1\grpc-api-1.28.1.jar;C:\Users\svellala2\.m2\repository\io\grpc\grpc-context\1.28.1\grpc-context-1.28.1.jar;C:\Users\svellala2\.m2\repository\io\grpc\grpc-stub\1.28.1\grpc-stub-1.28.1.jar;C:\Users\svellala2\.m2\repository\io\grpc\grpc-protobuf\1.28.1\grpc-protobuf-1.28.1.jar;C:\Users\svellala2\.m2\repository\io\grpc\grpc-protobuf-lite\1.28.1\grpc-protobuf-lite-1.28.1.jar;C:\Users\svellala2\.m2\repository\com\google\api\api-common\1.9.0\api-common-1.9.0.jar;C:\Users\svellala2\.m2\repository\javax\annotation\javax.annotation-api\1.3.2\javax.annotation-api-1.3.2.jar;C:\Users\svellala2\.m2\repository\com\google\auto\value\auto-value-annotations\1.7\auto-value-annotations-1.7.jar;C:\Users\svellala2\.m2\repository\com\google\protobuf\protobuf-java\3.11.4\protobuf-java-3.11.4.jar;C:\Users\svellala2\.m2\repository\com\google\api\grpc\proto-google-common-protos\1.17.0\proto-google-common-protos-1.17.0.jar;C:\Users\svellala2\.m2\repository\com\google\api\grpc\proto-google-cloud-vision-v1p4beta1\0.82.3\proto-google-cloud-vision-v1p4beta1-0.82.3.jar;C:\Users\svellala2\.m2\repository\com\google\api\grpc\proto-google-cloud-vision-v1\1.81.3\proto-google-cloud-vision-v1-1.81.3.jar;C:\Users\svellala2\.m2\repository\com\google\api\grpc\proto-google-cloud-vision-v1p1beta1\0.82.3\proto-google-cloud-vision-v1p1beta1-0.82.3.jar;C:\Users\svellala2\.m2\repository\com\google\api\grpc\proto-google-cloud-vision-v1p3beta1\0.82.3\proto-google-cloud-vision-v1p3beta1-0.82.3.jar;C:\Users\svellala2\.m2\repository\com\google\api\grpc\proto-google-cloud-vision-v1p2beta1\1.81.3\proto-google-cloud-vision-v1p2beta1-1.81.3.jar;C:\Users\svellala2\.m2\repository\com\google\api\gax\1.56.0\gax-1.56.0.jar;C:\Users\svellala2\.m2\repository\com\google\auth\google-auth-library-oauth2-http\0.20.0\google-auth-library-oauth2-http-0.20.0.jar;C:\Users\svellala2\.m2\repository\io\opencensus\opencensus-api\0.24.0\opencensus-api-0.24.0.jar;C:\Users\svellala2\.m2\repository\com\google\api\gax-grpc\1.56.0\gax-grpc-1.56.0.jar;C:\Users\svellala2\.m2\repository\io\grpc\grpc-auth\1.28.1\grpc-auth-1.28.1.jar;C:\Users\svellala2\.m2\repository\com\google\auth\google-auth-library-credentials\0.20.0\google-auth-library-credentials-0.20.0.jar;C:\Users\svellala2\.m2\repository\io\grpc\grpc-netty-shaded\1.28.1\grpc-netty-shaded-1.28.1.jar;C:\Users\svellala2\.m2\repository\io\grpc\grpc-core\1.28.1\grpc-core-1.28.1.jar;C:\Users\svellala2\.m2\repository\com\google\android\annotations\4.1.1.4\annotations-4.1.1.4.jar;C:\Users\svellala2\.m2\repository\io\perfmark\perfmark-api\0.19.0\perfmark-api-0.19.0.jar;C:\Users\svellala2\.m2\repository\io\grpc\grpc-alts\1.28.1\grpc-alts-1.28.1.jar;C:\Users\svellala2\.m2\repository\io\grpc\grpc-grpclb\1.28.1\grpc-grpclb-1.28.1.jar;C:\Users\svellala2\.m2\repository\com\google\protobuf\protobuf-java-util\3.11.0\protobuf-java-util-3.11.0.jar;C:\Users\svellala2\.m2\repository\org\conscrypt\conscrypt-openjdk-uber\2.2.1\conscrypt-openjdk-uber-2.2.1.jar;C:\Users\svellala2\.m2\repository\org\threeten\threetenbp\1.4.3\threetenbp-1.4.3.jar;C:\Users\svellala2\.m2\repository\com\google\api-client\google-api-client\1.22.0\google-api-client-1.22.0.jar;C:\Users\svellala2\.m2\repository\com\google\oauth-client\google-oauth-client\1.22.0\google-oauth-client-1.22.0.jar;C:\Users\svellala2\.m2\repository\com\google\http-client\google-http-client\1.22.0\google-http-client-1.22.0.jar;C:\Users\svellala2\.m2\repository\com\google\http-client\google-http-client-jackson2\1.22.0\google-http-client-jackson2-1.22.0.jar;C:\Users\svellala2\.m2\repository\com\fasterxml\jackson\core\jackson-core\2.1.3\jackson-core-2.1.3.jar;C:\Users\svellala2\.m2\repository\com\google\guava\guava-jdk5\17.0\guava-jdk5-17.0.jar;C:\Users\svellala2\.m2\repository\com\google\apis\google-api-services-storage\v1-rev111-1.18.0-rc\google-api-services-storage-v1-rev111-1.18.0-rc.jar;C:\Users\svellala2\.m2\repository\com\google\apis\google-api-services-oauth2\v2-rev129-1.22.0\google-api-services-oauth2-v2-rev129-1.22.0.jar;C:\Users\svellala2\.m2\repository\com\perfecto\reporting-sdk\reportium-java\2.3.1\reportium-java-2.3.1.jar;C:\Users\svellala2\.m2\repository\com\perfectomobile\pm-webdriver\18.6.0.0\pm-webdriver-18.6.0.0.jar;C:\Users\svellala2\.m2\repository\com\perfectomobile\http-client\18.6.0.0\http-client-18.6.0.0.jar;C:\Users\svellala2\.m2\repository\com\perfecto\reporting-sdk\reportium-testng\2.3.1\reportium-testng-2.3.1.jar;C:\Users\svellala2\.m2\repository\org\apache\ant\ant\1.8.2\ant-1.8.2.jar;C:\Users\svellala2\.m2\repository\org\apache\ant\ant-launcher\1.8.2\ant-launcher-1.8.2.jar;C:\Users\svellala2\.m2\repository\org\apache\poi\poi-scratchpad\4.1.2\poi-scratchpad-4.1.2.jar;C:\Users\svellala2\.m2\repository\org\slf4j\slf4j-api\1.7.16\slf4j-api-1.7.16.jar;C:\Users\svellala2\.m2\repository\info\cukes\cucumber-java\1.2.5\cucumber-java-1.2.5.jar;C:\Users\svellala2\.m2\repository\info\cukes\cucumber-core\1.2.5\cucumber-core-1.2.5.jar;C:\Users\svellala2\.m2\repository\info\cukes\cucumber-html\0.2.3\cucumber-html-0.2.3.jar;C:\Users\svellala2\.m2\repository\info\cukes\cucumber-junit\1.2.5\cucumber-junit-1.2.5.jar;C:\Users\svellala2\.m2\repository\info\cukes\cucumber-jvm-deps\1.0.5\cucumber-jvm-deps-1.0.5.jar;C:\Users\svellala2\.m2\repository\net\masterthought\cucumber-reporting\5.0.2\cucumber-reporting-5.0.2.jar;C:\Users\svellala2\.m2\repository\com\fasterxml\jackson\core\jackson-databind\2.10.1\jackson-databind-2.10.1.jar;C:\Users\svellala2\.m2\repository\com\fasterxml\jackson\core\jackson-annotations\2.10.1\jackson-annotations-2.10.1.jar;C:\Users\svellala2\.m2\repository\com\fasterxml\jackson\datatype\jackson-datatype-jsr310\2.10.1\jackson-datatype-jsr310-2.10.1.jar;C:\Users\svellala2\.m2\repository\org\apache\velocity\velocity-engine-core\2.1\velocity-engine-core-2.1.jar;C:\Users\svellala2\.m2\repository\commons-collections\commons-collections\3.2.2\commons-collections-3.2.2.jar;C:\Users\svellala2\.m2\repository\joda-time\joda-time\2.10.5\joda-time-2.10.5.jar;C:\Users\svellala2\.m2\repository\org\codehaus\plexus\plexus-utils\3.3.0\plexus-utils-3.3.0.jar;C:\Users\svellala2\.m2\repository\com\googlecode\owasp-java-html-sanitizer\owasp-java-html-sanitizer\20191001.1\owasp-java-html-sanitizer-20191001.1.jar;C:\Users\svellala2\.m2\repository\commons-configuration\commons-configuration\1.10\commons-configuration-1.10.jar;C:\Users\svellala2\.m2\repository\info\cukes\gherkin\2.12.2\gherkin-2.12.2.jar;C:\Users\svellala2\.m2\repository\org\seleniumhq\selenium\selenium-chrome-driver\3.141.59\selenium-chrome-driver-3.141.59.jar;C:\Users\svellala2\.m2\repository\info\cukes\cucumber-testng\1.2.5\cucumber-testng-1.2.5.jar;"/>
    <property name="sun.cpu.endian" value="little"/>
    <property name="user.home" value="C:\Users\svellala2"/>
    <property name="user.language" value="en"/>
    <property name="java.specification.vendor" value="Oracle Corporation"/>
    <property name="java.home" value="C:\Program Files\Java\jdk1.8.0_221\jre"/>
    <property name="basedir" value="C:\Users\svellala2\OneDrive - DXC Production\Desktop\RJRT\Vuse CA Sample for ADO\CucumberSample"/>
    <property name="file.separator" value="\"/>
    <property name="line.separator" value="&#10;"/>
    <property name="java.vm.specification.vendor" value="Oracle Corporation"/>
    <property name="java.specification.name" value="Java Platform API Specification"/>
    <property name="java.awt.graphicsenv" value="sun.awt.Win32GraphicsEnvironment"/>
    <property name="surefire.real.class.path" value="C:\Users\svellala2\AppData\Local\Temp\surefire4368644237987719156\surefirebooter3906348908326148159.jar"/>
    <property name="sun.boot.class.path" value="C:\Program Files\Java\jdk1.8.0_221\jre\lib\resources.jar;C:\Program Files\Java\jdk1.8.0_221\jre\lib\rt.jar;C:\Program Files\Java\jdk1.8.0_221\jre\lib\sunrsasign.jar;C:\Program Files\Java\jdk1.8.0_221\jre\lib\jsse.jar;C:\Program Files\Java\jdk1.8.0_221\jre\lib\jce.jar;C:\Program Files\Java\jdk1.8.0_221\jre\lib\charsets.jar;C:\Program Files\Java\jdk1.8.0_221\jre\lib\jfr.jar;C:\Program Files\Java\jdk1.8.0_221\jre\classes"/>
    <property name="user.script" value=""/>
    <property name="sun.management.compiler" value="HotSpot 64-Bit Tiered Compilers"/>
    <property name="java.runtime.version" value="1.8.0_221-b11"/>
    <property name="user.name" value="svellala2"/>
    <property name="path.separator" value=";"/>
    <property name="os.version" value="10.0"/>
    <property name="java.endorsed.dirs" value="C:\Program Files\Java\jdk1.8.0_221\jre\lib\endorsed"/>
    <property name="java.runtime.name" value="Java(TM) SE Runtime Environment"/>
    <property name="file.encoding" value="Cp1252"/>
    <property name="java.vm.name" value="Java HotSpot(TM) 64-Bit Server VM"/>
    <property name="localRepository" value="C:\Users\svellala2\.m2\repository"/>
    <property name="java.vendor.url.bug" value="http://bugreport.sun.com/bugreport/"/>
    <property name="java.io.tmpdir" value="C:\Users\SVELLA~1\AppData\Local\Temp\"/>
    <property name="java.version" value="1.8.0_221"/>
    <property name="user.dir" value="C:\Users\svellala2\OneDrive - DXC Production\Desktop\RJRT\Vuse CA Sample for ADO\CucumberSample"/>
    <property name="os.arch" value="amd64"/>
    <property name="java.vm.specification.name" value="Java Virtual Machine Specification"/>
    <property name="java.awt.printerjob" value="sun.awt.windows.WPrinterJob"/>
    <property name="sun.os.patch.level" value=""/>
    <property name="java.library.path" value="C:\Program Files\Java\jdk1.8.0_221\jre\bin;C:\WINDOWS\Sun\Java\bin;C:\WINDOWS\system32;C:\WINDOWS;C:\Program Files\Java\jdk1.8.0_221\jre\bin;C:\Program Files\Java\jre1.8.0_281\bin;C:\ProgramData\Anaconda3;C:\ProgramData\Anaconda3\Library\mingw-w64\bin;C:\ProgramData\Anaconda3\Library\usr\bin;C:\ProgramData\Anaconda3\Library\bin;C:\ProgramData\Anaconda3\Scripts;C:\Python38\Scripts\;C:\Python38\;C:\WINDOWS\system32;C:\WINDOWS;C:\WINDOWS\System32\Wbem;C:\WINDOWS\System32\WindowsPowerShell\v1.0\;C:\WINDOWS\System32\OpenSSH\;C:\Program Files (x86)\Symantec\VIP Access Client\;C:\Program Files\Microsoft SQL Server\130\Tools\Binn\;C:\Program Files\Microsoft SQL Server\Client SDK\ODBC\170\Tools\Binn\;C:\Program Files (x86)\Pulse Secure\VC142.CRT\X64\;C:\Program Files (x86)\Pulse Secure\VC142.CRT\X86\;C:\Program Files\nodejs\;C:\ProgramData\chocolatey\bin;C:\Program Files (x86)\Microsoft SQL Server\150\DTS\Binn\;C:\Program Files\dotnet\;C:\Program Files (x86)\Microsoft SQL Server\110\DTS\Binn\;C:\Program Files (x86)\Microsoft SQL Server\120\DTS\Binn\;C:\Program Files (x86)\Microsoft SQL Server\130\DTS\Binn\;C:\Program Files (x86)\Microsoft SQL Server\140\DTS\Binn\;C:\Program Files (x86)\Microsoft SQL Server\150\Tools\Binn\;C:\Program Files\Microsoft SQL Server\150\Tools\Binn\;C:\Program Files\Microsoft SQL Server\150\DTS\Binn\;C:\Program Files\Git\cmd;C:\apache-maven-3.8.6\bin;C:\Users\svellala2\AppData\Local\Microsoft\WindowsApps;C:\Users\svellala2\AppData\Local\Programs\Microsoft VS Code\bin;C:\Users\svellala2\AppData\Roaming\npm;C:\Users\svellala2\.dotnet\tools;;."/>
    <property name="java.vm.info" value="mixed mode"/>
    <property name="java.vendor" value="Oracle Corporation"/>
    <property name="java.vm.version" value="25.221-b11"/>
    <property name="java.ext.dirs" value="C:\Program Files\Java\jdk1.8.0_221\jre\lib\ext;C:\WINDOWS\Sun\Java\lib\ext"/>
    <property name="sun.io.unicode.encoding" value="UnicodeLittle"/>
    <property name="java.class.version" value="52.0"/>
  </properties>
  <testcase name="feature" classname="TestRunner.TestRunner" time="19.924"/>
</testsuite>