<?xml version="1.0" encoding="UTF-8"?>
<!-- Generated by org.testng.reporters.JUnitReportReporter -->
<testsuite skipped="0" hostname="IN-5CG016FM65" name="TestRunner.TestRunner" tests="1" failures="0" timestamp="10 Aug 2022 10:52:54 GMT" time="9.599" errors="0">
  <testcase name="feature" time="9.599" classname="TestRunner.TestRunner"/>
</testsuite> <!-- TestRunner.TestRunner -->
